origin	git@github.com:Ouupps/API-2021-UDP-Orchestra.git (fetch)
origin	git@github.com:Ouupps/API-2021-UDP-Orchestra.git (push)
Starting auditor container "20d6aa4cd6a144dc019fe7cffaceeffb67431f8269d50688456c2c4c09618b9c"
Starting auditor container "57c5571cb114890118e8f1ff182373e7c04f980575a3db3924b85e8446b845a1"
Starting auditor container "a2851c3d000237d65f5703e5e3a222668933f3f8d8103addc19bbed9250f3c79"
Starting auditor container "9a77d58c5df96a1585fbe75dbbb46186343e5ac2dbc293c9180e38424d059c67"
Starting auditor container "ee07236c62fd9b65a72513f3a4f64854bc67c46ec1c08576046b0262c5b2c09c"
Starting auditor container "1621eb7c13547081e11bd44130dd3f304990b2db0ad0476dabb3edc49cc93cd8"
Starting auditor container "de593a5f3809ad9bda6a982422de42b7ac8ebb72f08f46ecf699298437c32f7e"
Starting auditor container "fc51fc90adf329bbf412c6a586a444a9851db5fde4b8bdc486be0f3ee1428312"
Starting auditor container "904c11cf81f1348519289c5412baf49b3e3a439fdc93469d73a200b042551c88"
Starting auditor container "e71d0f15f7004b95d0a896dda6453385ab97925fc2f587f10c0d908b9026e369"
Starting auditor container "0b5c82a10ae95c136bc294498c54c5c61da02bda9950280b51736081414daf60"
11 containers have been started.
57c5571cb114890118e8f1ff182373e7c04f980575a3db3924b85e8446b845a1 : /srv/src/musician.js,flute
904c11cf81f1348519289c5412baf49b3e3a439fdc93469d73a200b042551c88 : /srv/src/musician.js,trumpet
a2851c3d000237d65f5703e5e3a222668933f3f8d8103addc19bbed9250f3c79 : /srv/src/musician.js,trumpet
de593a5f3809ad9bda6a982422de42b7ac8ebb72f08f46ecf699298437c32f7e : /srv/src/musician.js,trumpet
9a77d58c5df96a1585fbe75dbbb46186343e5ac2dbc293c9180e38424d059c67 : /srv/src/musician.js,violin
ee07236c62fd9b65a72513f3a4f64854bc67c46ec1c08576046b0262c5b2c09c : /srv/src/musician.js,flute
fc51fc90adf329bbf412c6a586a444a9851db5fde4b8bdc486be0f3ee1428312 : /srv/src/musician.js,trumpet
e71d0f15f7004b95d0a896dda6453385ab97925fc2f587f10c0d908b9026e369 : /srv/src/musician.js,piano
20d6aa4cd6a144dc019fe7cffaceeffb67431f8269d50688456c2c4c09618b9c : /srv/src/musician.js,drum
1621eb7c13547081e11bd44130dd3f304990b2db0ad0476dabb3edc49cc93cd8 : /srv/src/musician.js,piano
0b5c82a10ae95c136bc294498c54c5c61da02bda9950280b51736081414daf60 : /srv/src/auditor.js
Auditor validation: success: ["drum","flute","flute","piano","piano","trumpet","trumpet","trumpet","trumpet","violin"]
There are 10 musicians, let's kill one
killed 20d6aa4cd6a144dc019fe7cffaceeffb67431f8269d50688456c2c4c09618b9c
Auditor validation: success: ["flute","flute","piano","piano","trumpet","trumpet","trumpet","trumpet","violin"]
Scheduling a new test
There are 9 musicians, let's kill one
killed ee07236c62fd9b65a72513f3a4f64854bc67c46ec1c08576046b0262c5b2c09c
Auditor validation: success: ["flute","piano","piano","trumpet","trumpet","trumpet","trumpet","violin"]
Scheduling a new test
There are 8 musicians, let's kill one
killed 9a77d58c5df96a1585fbe75dbbb46186343e5ac2dbc293c9180e38424d059c67
Auditor validation: success: ["flute","piano","piano","trumpet","trumpet","trumpet","trumpet"]
Scheduling a new test
There are 7 musicians, let's kill one
killed de593a5f3809ad9bda6a982422de42b7ac8ebb72f08f46ecf699298437c32f7e
Auditor validation: success: ["flute","piano","piano","trumpet","trumpet","trumpet"]
Scheduling a new test
We have done all tests.
